C51 COMPILER V9.60.0.0   LCD_CODE                                                          09/03/2022 19:19:11 PAGE 1   


C51 COMPILER V9.60.0.0, COMPILATION OF MODULE LCD_CODE
OBJECT MODULE PLACED IN .\Objects\LCD_code.obj
COMPILER INVOKED BY: G:\keil\C51\BIN\C51.EXE LCD_code.c OPTIMIZE(8,SPEED) BROWSE DEBUG OBJECTEXTEND PRINT(.\Listings\LCD
                    -_code.lst) TABS(2) OBJECT(.\Objects\LCD_code.obj)

line level    source

   1          #include < reg51.h >
   2          
   3          void lcd_init(void);
   4          void lcd_cmd( unsigned char a );
   5          void lcd_data( unsigned char b );
   6          void lcd_print( unsigned int start , unsigned int stop);
   7          void delay(unsigned int i);
   8          
   9          sbit rs = P2^0;
  10          sbit en = P2^1;
  11          sfr ldata = 0xb0;
  12          unsigned int name[25];
  13          
  14          unsigned int p;
  15          unsigned int k;
  16          unsigned int q;
  17          
  18          char string[47] =" WELCOME MY NAME IS VENKATESH , ECE - 1 HONORS ";
  19          
  20          
  21          void main(void){
  22   1        lcd_init();
  23   1        p=0;
  24   1        k=15;
  25   1        while(k<47){
  26   2          lcd_cmd(0x80);
  27   2          k=p+15;
  28   2          lcd_print(p,k);
  29   2          p=p+1;
  30   2          delay(56000);
  31   2          lcd_cmd(0x0c);
  32   2        }
  33   1      }
  34          void lcd_init(void){
  35   1        lcd_cmd(0x38);
  36   1        lcd_cmd(0x0c);
  37   1        lcd_cmd(0x01);
  38   1        lcd_cmd(0x80);
  39   1      }
  40          void lcd_cmd( unsigned char a ){
  41   1        rs=0;
  42   1        ldata = a ;
  43   1        en = 0;
  44   1        delay(5);
  45   1        en=1;
  46   1      }
  47          void lcd_data( unsigned char b ){
  48   1        rs=1;
  49   1        ldata = b ;
  50   1        en = 0;
  51   1        delay(5);
  52   1        en=1;
  53   1      }
  54          void lcd_print(unsigned int start , unsigned int stop ){
C51 COMPILER V9.60.0.0   LCD_CODE                                                          09/03/2022 19:19:11 PAGE 2   

  55   1      // void lcd_print( unsigned char *str){
  56   1        for( q = start ; q <stop ; q++){
  57   2        lcd_data(string[q]);
  58   2        }
  59   1      // while(*str)
  60   1      // lcd_data(*str++);
  61   1        
  62   1      }
  63          void delay(unsigned int i){
  64   1        unsigned int j;
  65   1        for(j=0;j<i;j++);
  66   1      }


MODULE INFORMATION:   STATIC OVERLAYABLE
   CODE SIZE        =    175    ----
   CONSTANT SIZE    =   ----    ----
   XDATA SIZE       =   ----    ----
   PDATA SIZE       =   ----    ----
   DATA SIZE        =    103       2
   IDATA SIZE       =   ----    ----
   BIT SIZE         =   ----    ----
END OF MODULE INFORMATION.


C51 COMPILATION COMPLETE.  0 WARNING(S),  0 ERROR(S)
