A51 MACRO ASSEMBLER  PORT_PIN_TOGGLE                                                      09/16/2022 14:33:24 PAGE     1


MACRO ASSEMBLER A51 V8.2.7.0
OBJECT MODULE PLACED IN .\Objects\Port_Pin_Toggle.obj
ASSEMBLER INVOKED BY: G:\keil\C51\BIN\A51.EXE Port_Pin_Toggle.a51 SET(SMALL) DEBUG PRINT(.\Listings\Port_Pin_Toggle.lst)
                       OBJECT(.\Objects\Port_Pin_Toggle.obj) EP

LOC  OBJ            LINE     SOURCE

                       1     ;org 100h
                       2     ;       back:
                       3     ;               acall delay
                       4     ;               acall delay
                       5     ;               cpl P1.0
                       6     ;               acall delay
                       7     ;               acall delay
                       8     ;               sjmp back
                       9     ;               delay:
                      10     ;               mov r0,#08h
                      11     ;               here3:mov r1,#0ffh
                      12     ;               here2: mov r2,#0ffh
                      13     ;               here:djnz r2,here
                      14     ;               djnz r1,here2
                      15     ;               djnz r2,here3
                      16     ;                       ret
                      17     ;end
0000                  18     org 00h
0000 C290             19     CLR P1.0
0002 C290             20     BACK:CLR P1.0
0004 110C             21     ACALL DELAY
0006 D290             22     SETB P1.0
0008 110C             23     ACALL DELAY
000A 80F6             24     SJMP BACK 
000C 7DFF             25     DELAY:MOV R5,#0FFH
000E DDFE             26     AGAIN:DJNZ R5,AGAIN
0010 22               27     RET
                      28     end
                             ;       
                             ;       
                             ;       
                             ;       
                             ;       
                             ;       
                             ;       
                             ;       
                             ;       ORG 00H
                             ;CLR P1.0
                             ;BACK:CLR P1.0
                             ;ACALL DELAY
                             ;SETB P1.0
                             ;ACALL DELAY
                             ;SJMP BACK 
                             ;DELAY:MOV R5,#0FFH
                             ;AGAIN:DJNZ R5,AGAIN
                             ;RET
                             ;END
A51 MACRO ASSEMBLER  PORT_PIN_TOGGLE                                                      09/16/2022 14:33:24 PAGE     2

SYMBOL TABLE LISTING
------ ----- -------


N A M E             T Y P E  V A L U E   ATTRIBUTES

AGAIN. . . . . . .  C ADDR   000EH   A   
BACK . . . . . . .  C ADDR   0002H   A   
DELAY. . . . . . .  C ADDR   000CH   A   
P1 . . . . . . . .  D ADDR   0090H   A   


REGISTER BANK(S) USED: 0 


ASSEMBLY COMPLETE.  0 WARNING(S), 0 ERROR(S)
