C51 COMPILER V9.60.0.0   WATERLEVELINDICATOR                                               09/04/2022 19:37:06 PAGE 1   


C51 COMPILER V9.60.0.0, COMPILATION OF MODULE WATERLEVELINDICATOR
OBJECT MODULE PLACED IN .\Objects\waterLevelIndicator.obj
COMPILER INVOKED BY: G:\keil\C51\BIN\C51.EXE waterLevelIndicator.c OPTIMIZE(8,SPEED) BROWSE DEBUG OBJECTEXTEND PRINT(.\L
                    -istings\waterLevelIndicator.lst) TABS(2) OBJECT(.\Objects\waterLevelIndicator.obj)

line level    source

   1          #include <reg51.h>
   2          void lcd_init ( void );
   3          void lcd_cmd ( unsigned char a );
   4          void lcd_data ( unsigned char b );
   5          void lcd_print ( unsigned char *str );
   6          void delay ( unsigned int value);
   7          void checkMODE(void);
   8          void checkPUMP( void );
   9          void printWaterlevel(void);
  10          
  11          
  12          sbit rs = P2^0 ;
  13          sbit en = P2^1 ;
  14          sfr ldata = 0xb0;
  15          
  16          sbit l25 = P1^0 ;
  17          sbit l50 = P1^1 ;
  18          sbit l75 = P1^2 ;
  19          sbit l100 = P1^3 ;
  20          sbit motor = P2^2 ;
  21          sbit motorENABLE = P2^3 ;
  22          sbit modeSelect = P2^4 ;
  23          // pump-off            2,3-low
  24          unsigned int mode = 0;
  25          unsigned int pump = 0;
  26          unsigned int level =0;
  27          
  28          void main ( void ) {
  29   1        lcd_init();
  30   1        if(modeSelect == 0){
  31   2          mode=1;
  32   2          motorENABLE=0;
  33   2        }
  34   1        else if(modeSelect == 1){
  35   2          mode=0;
  36   2          motorENABLE=1;
  37   2          motor=1;
  38   2        }
  39   1        lcd_print(" WATER LEVEL: ");
  40   1        printWaterlevel();
  41   1        lcd_cmd(0xc0);
  42   1        lcd_print("PUMP:      ");
  43   1        checkPUMP();
  44   1        lcd_cmd(0xca);
  45   1        checkMODE();
  46   1        delay(65000);
  47   1      }
  48          void printWaterlevel(void){
  49   1        if(l100==0 && l75==0 && l50==0 && l25==0){
  50   2          lcd_cmd(0x8d);
  51   2          lcd_print("100%");
  52   2          if(mode == 1){
  53   3              motor=0;
  54   3              pump=0;
C51 COMPILER V9.60.0.0   WATERLEVELINDICATOR                                               09/04/2022 19:37:06 PAGE 2   

  55   3            motorENABLE=1;
  56   3          }
  57   2          
  58   2        }
  59   1        else if(l100==1 && l75==0 && l50==0 && l25==0){
  60   2          lcd_cmd(0x8d);
  61   2          lcd_print("75%");
  62   2          if(mode == 1){
  63   3              motor=1;
  64   3              pump=1;
  65   3          }
  66   2        }
  67   1        else if(l100==1 && l75==1 && l50==0 && l25==0){
  68   2          lcd_cmd(0x8d);
  69   2          lcd_print("50%");if(mode == 1){
  70   3              motor=1;
  71   3              pump=1;
  72   3          }
  73   2        }
  74   1        else if(l100==1 && l75==1 && l50==1 && l25==0){
  75   2          lcd_cmd(0x8d);
  76   2          lcd_print("25%");
  77   2          if(mode == 1){
  78   3              motor=1;
  79   3              pump=1;
  80   3          }
  81   2        }
  82   1        else if(l100==1 && l75==1 && l50==1 && l25==1){
  83   2          lcd_cmd(0x8d);
  84   2          lcd_print("0%");
  85   2          if(mode ==1){
  86   3            motor = 0;
  87   3            pump=1;
  88   3          }
  89   2        }
  90   1        else{
  91   2          lcd_cmd(0x8e);
  92   2          lcd_print("-");
  93   2        }
  94   1      }
  95          void checkPUMP( void ){
  96   1        // write code to check pump value
  97   1        lcd_cmd(0xc5);
  98   1        if(pump==0)
  99   1          lcd_print("OFF");
 100   1        else
 101   1          lcd_print("ON");
 102   1      }
 103          void checkMODE(void){
 104   1        // write code to check mode value
 105   1        lcd_cmd(0xca);
 106   1        if(mode==0){
 107   2          lcd_print("MANUAL");
 108   2        }
 109   1        else{
 110   2          lcd_print("AUTO");
 111   2        }
 112   1        
 113   1      }
 114          void delay ( unsigned int value ){
 115   1        unsigned int i ;
 116   1        for(i=0;i<value;i++);
C51 COMPILER V9.60.0.0   WATERLEVELINDICATOR                                               09/04/2022 19:37:06 PAGE 3   

 117   1      }
 118          void lcd_init ( void ) {
 119   1        lcd_cmd(0x38);
 120   1        lcd_cmd(0x0c);
 121   1        lcd_cmd(0x01);
 122   1        lcd_cmd(0x80);
 123   1      }
 124          void lcd_cmd ( unsigned char a ){
 125   1        rs = 0 ;
 126   1        ldata = a ;
 127   1        en = 1 ;
 128   1        delay(200);
 129   1        en = 0;
 130   1      }
 131          void lcd_data ( unsigned char b ){
 132   1        rs = 1 ;
 133   1        ldata = b ;
 134   1        en = 1 ;
 135   1        delay(100);
 136   1        en = 0;
 137   1      }
 138          void lcd_print ( unsigned char *str){
 139   1        while(*str)
 140   1          lcd_data(*str++);
 141   1      }


MODULE INFORMATION:   STATIC OVERLAYABLE
   CODE SIZE        =    449    ----
   CONSTANT SIZE    =     68    ----
   XDATA SIZE       =   ----    ----
   PDATA SIZE       =   ----    ----
   DATA SIZE        =      6       3
   IDATA SIZE       =   ----    ----
   BIT SIZE         =   ----    ----
END OF MODULE INFORMATION.


C51 COMPILATION COMPLETE.  0 WARNING(S),  0 ERROR(S)
