C51 COMPILER V9.60.0.0   DOOOOORCODE                                                       09/05/2022 14:08:06 PAGE 1   


C51 COMPILER V9.60.0.0, COMPILATION OF MODULE DOOOOORCODE
OBJECT MODULE PLACED IN .\Objects\dooooorCode.obj
COMPILER INVOKED BY: G:\keil\C51\BIN\C51.EXE dooooorCode.c OPTIMIZE(8,SPEED) BROWSE DEBUG OBJECTEXTEND PRINT(.\Listings\
                    -dooooorCode.lst) TABS(2) OBJECT(.\Objects\dooooorCode.obj)

line level    source

   1          #include < reg51.h >
   2          void delay(unsigned int time);
   3          void lcd_init(void);
   4          void lcd_cmd(unsigned char a);
   5          void lcd_data(unsigned char b);
   6          void lcd_print(unsigned char *str);
   7          void detectObject(void); 
   8          
   9          
  10          sbit rs=P2^0;
  11          sbit en=P2^1;
  12          sbit ir=P2^2;
  13          sbit motorF=P2^3;
  14          sbit motorR=P2^4;
  15          
  16          sfr ldata = 0xb0;
  17          
  18          void main( void ){
  19   1        lcd_init();
  20   1        lcd_print(" AUTOMATED DOOR ");
  21   1        lcd_cmd(0xc0);
  22   1        lcd_print(" OPENING SYSTEM ");
  23   1        delay(65000);
  24   1        lcd_cmd(0x01);
  25   1        lcd_cmd(0x80);
  26   1        lcd_print(" please wait.. ");
  27   1        while(1){
  28   2        detectObject();
  29   2          delay(65000);
  30   2          }
  31   1      }
  32          void detectObject(void){
  33   1        if(ir==1){
  34   2          lcd_cmd(0xc0);
  35   2          lcd_print(" plz ENTER ");
  36   2          
  37   2          motorF=1;
  38   2          motorR=0;
  39   2          delay(50000);
  40   2          motorF=0;
  41   2          motorR=0;
  42   2          delay(65000);
  43   2          motorR=1;
  44   2          motorF=0;
  45   2          delay(50000);
  46   2          motorF=0;
  47   2          motorR=0;
  48   2          
  49   2          lcd_cmd(0xc0);
  50   2          lcd_print("           ");
  51   2          
  52   2        }
  53   1        else if(ir == 0){
  54   2          motorF = 0;
C51 COMPILER V9.60.0.0   DOOOOORCODE                                                       09/05/2022 14:08:06 PAGE 2   

  55   2          motorR = 0;
  56   2        }
  57   1      }
  58          void delay(unsigned int time){
  59   1        unsigned int j;
  60   1        for(j=0;j<time;j++);
  61   1      }
  62          void lcd_init(void ){
  63   1        lcd_cmd(0x38);
  64   1        lcd_cmd(0x0c);
  65   1        lcd_cmd(0x01);
  66   1        lcd_cmd(0x80);
  67   1      }
  68          void lcd_cmd(unsigned char a){
  69   1        rs=0;
  70   1        ldata=a;
  71   1        en=1;
  72   1        delay(200);
  73   1        en=0;
  74   1      }
  75          void lcd_data(unsigned char b){
  76   1        rs=1;
  77   1        ldata=b;
  78   1        en=1;
  79   1        delay(100);
  80   1        en=0;
  81   1      }
  82          void lcd_print(unsigned char *str){
  83   1        while(*str)
  84   1          lcd_data(*str++);
  85   1      }


MODULE INFORMATION:   STATIC OVERLAYABLE
   CODE SIZE        =    239    ----
   CONSTANT SIZE    =     74    ----
   XDATA SIZE       =   ----    ----
   PDATA SIZE       =   ----    ----
   DATA SIZE        =   ----       3
   IDATA SIZE       =   ----    ----
   BIT SIZE         =   ----    ----
END OF MODULE INFORMATION.


C51 COMPILATION COMPLETE.  0 WARNING(S),  0 ERROR(S)
