C51 COMPILER V9.60.0.0   EXAMCODE                                                          09/30/2022 11:00:18 PAGE 1   


C51 COMPILER V9.60.0.0, COMPILATION OF MODULE EXAMCODE
OBJECT MODULE PLACED IN .\Objects\examCode.obj
COMPILER INVOKED BY: G:\keil\C51\BIN\C51.EXE examCode.c OPTIMIZE(8,SPEED) BROWSE DEBUG OBJECTEXTEND PRINT(.\Listings\exa
                    -mCode.lst) TABS(2) OBJECT(.\Objects\examCode.obj)

line level    source

   1          #include<reg51.h>
   2          void timer_init(void);
   3          void main()
   4          {
   5   1        while(1)
   6   1        {
   7   2          timer_init();
   8   2        }
   9   1      }
  10          void timer_init(void)
  11          {
  12   1        TMOD=0X02;
  13   1        TH0=0XFF;
  14   1        TL0=0XAD;
  15   1        TR0=1;
  16   1        while(TF0==1);
  17   1        {
  18   2             TF0=0;
  19   2             TR0=0;
  20   2        }
  21   1        return;
  22   1      }


MODULE INFORMATION:   STATIC OVERLAYABLE
   CODE SIZE        =     24    ----
   CONSTANT SIZE    =   ----    ----
   XDATA SIZE       =   ----    ----
   PDATA SIZE       =   ----    ----
   DATA SIZE        =   ----    ----
   IDATA SIZE       =   ----    ----
   BIT SIZE         =   ----    ----
END OF MODULE INFORMATION.


C51 COMPILATION COMPLETE.  0 WARNING(S),  0 ERROR(S)
