C51 COMPILER V9.60.0.0   MOIST                                                             10/01/2022 22:38:44 PAGE 1   


C51 COMPILER V9.60.0.0, COMPILATION OF MODULE MOIST
OBJECT MODULE PLACED IN .\Objects\moist.obj
COMPILER INVOKED BY: G:\keil\C51\BIN\C51.EXE moist.c OPTIMIZE(8,SPEED) BROWSE DEBUG OBJECTEXTEND PRINT(.\Listings\moist.
                    -lst) TABS(2) OBJECT(.\Objects\moist.obj)

line level    source

   1          #include <reg51.h>
   2          
   3          void delay(unsigned int time);
   4          
   5          sbit motor = P2^0;
   6          
   7          sbit rd = P2^2 ;
   8          sbit wr = P2^3 ;
   9          sbit intr = P2^4 ;
  10          
  11          sfr adc = 0x90 ; // port 1
  12          
  13          
  14          void main(void){
  15   1        while(1){
  16   2          rd = 1 ;
  17   2          wr = 0; // start conversion
  18   2          delay(100);
  19   2          wr = 1;
  20   2          while(intr==1); // if zero conversion is completed
  21   2                          // until conversion is finished
  22   2          rd = 0; // adc to micro controller read
  23   2          
  24   2          intr = 1; // for next conversion
  25   2          if((adc) > 400){
  26   3            motor = 1;
  27   3            delay(10000);
  28   3          }
  29   2          else {
  30   3            motor = 0;
  31   3            delay(10000);
  32   3          }
  33   2        }
  34   1        
  35   1        
  36   1      }
  37          
  38          void delay(unsigned int time){
  39   1        unsigned int i;
  40   1        for(i=0;i<time;i++);
  41   1      }


MODULE INFORMATION:   STATIC OVERLAYABLE
   CODE SIZE        =     72    ----
   CONSTANT SIZE    =   ----    ----
   XDATA SIZE       =   ----    ----
   PDATA SIZE       =   ----    ----
   DATA SIZE        =   ----    ----
   IDATA SIZE       =   ----    ----
   BIT SIZE         =   ----    ----
END OF MODULE INFORMATION.


C51 COMPILATION COMPLETE.  0 WARNING(S),  0 ERROR(S)
