C51 COMPILER V9.60.0.0   MOISTURESENSORCODE                                                09/30/2022 09:46:33 PAGE 1   


C51 COMPILER V9.60.0.0, COMPILATION OF MODULE MOISTURESENSORCODE
OBJECT MODULE PLACED IN .\Objects\MoistureSensorCode.obj
COMPILER INVOKED BY: G:\keil\C51\BIN\C51.EXE MoistureSensorCode.c OPTIMIZE(8,SPEED) BROWSE DEBUG OBJECTEXTEND PRINT(.\Li
                    -stings\MoistureSensorCode.lst) TABS(2) OBJECT(.\Objects\MoistureSensorCode.obj)

line level    source

   1          #include <math.h>
   2          int main(void){
   3   1        float B=33834,t,ans,vcc=255,r=10000,r0=10000,vt=100;
   4   1        int temp;
   5   1        double rt;
   6   1        t=298.15;
   7   1        rt=(r*vt)/(vcc-vt);
   8   1        ans=(1.0/t)+((1.0/B)*log(rt/r0));
   9   1        temp=(1/ans)-273.15;
  10   1        return 0;
  11   1      }
  12          
  13          
  14          //#include<math.h>
  15          //int main(void)
  16          //{
  17          //  float b=3358, r=10000,r0=10000,vcc=255,t0=25+273.15,vt=100,x,rt;
  18          //  unsigned short int t;
  19          //  rt=r/((vcc/vt)-1);
  20          //  x=(1/t0)+((1/b)*log((rt/r0)));
  21          //  t=(1/x)-273.15;
  22          //  return 0;
  23          //}
  24          
  25          
  26          
  27          
  28          
  29          
  30          
  31          
  32          //#include <reg51.h>
  33          //void lcd_cmd(unsigned char a);  //
  34          //void lcd_data(unsigned char b); //
  35          //void lcd_print(unsigned char *str); //
  36          //void delay(unsigned int value); //
  37          //void init(void);  //
  38          //void hexTOascii(unsigned int adc);
  39          //sbit motor =P2^5;
  40          
  41          //// LCD control pins
  42          //sbit rs = P2^0;
  43          //sbit en = P2^1;
  44          //sfr lcd = 0xb0; // port 3
  45          
  46          //// ADC control pins
  47          //sbit rd = P2^2;
  48          //sbit wr = P2^3;
  49          //sbit intr = P2^4;
  50          //sfr adc = 0x90; // port 1
  51          
  52          //int main(void){
  53          //  init();
  54          //  lcd_print(" hello world");
C51 COMPILER V9.60.0.0   MOISTURESENSORCODE                                                09/30/2022 09:46:33 PAGE 2   

  55          //  delay(50000);
  56          //  init();
  57          //  while(1){
  58          //    lcd_cmd(0x80);
  59          //    lcd_print(" mos_value:     ");
  60          //    rd = 1;
  61          //    wr = 0 ;
  62          //    delay(100);
  63          //    wr = 1;
  64          //    while(intr ==1 );
  65          //    rd = 0;
  66          //    lcd_cmd(0x8b);
  67          //    hexTOascii(adc*2);
  68          //    intr = 1;
  69          //    if((adc)>100){
  70          //      motor = 1;
  71          //    }
  72          //    else{
  73          //      motor = 0;
  74          //    }
  75          //    delay(10000);
  76          //  }
  77          //}
  78          //void delay(unsigned int value){
  79          //  unsigned int i;
  80          //  for(i=0;i<value;i++);
  81          //}
  82          //void lcd_cmd(unsigned char a){
  83          //  rs = 0;
  84          //  lcd = a;
  85          //  en = 1;
  86          //  delay(100);
  87          //  en = 0; 
  88          //}
  89          //void lcd_data(unsigned char b){
  90          //  rs = 1;
  91          //  lcd = b;
  92          //  en = 1;
  93          //  delay(100);
  94          //  en = 0; 
  95          //}
  96          //// lcd_print("hello");
  97          //void lcd_print(unsigned char *str){
  98          //  while(*str){
  99          //    lcd_data(*str++);
 100          //  }
 101          //}
 102          //void init(void){
 103          //  lcd_cmd(0x38);  // 2 lines and 5 x 7 matrix ( 8 - bit mode )
 104          //  lcd_cmd(0x0c);  // display on, cursor off
 105          //  lcd_cmd(0x01);  // clear display
 106          //  lcd_cmd(0x80);  // forces cursor to beginning of 1st line
 107          //}
 108          //void hexTOascii(unsigned int adc){  // 00ff - 255
 109          //  unsigned int x3,x2,x1,x;
 110          //  x=adc/10; // x=25
 111          //  x3=adc%10;  // x3=5
 112          //  x2=x%10;  // x2=5
 113          //  x1=x/10;  // x1=2
 114          //  lcd_data(x1+48);
 115          //  lcd_data(x2+48);
 116          //  lcd_data(x3+48);
C51 COMPILER V9.60.0.0   MOISTURESENSORCODE                                                09/30/2022 09:46:33 PAGE 3   

 117          //}


MODULE INFORMATION:   STATIC OVERLAYABLE
   CODE SIZE        =    252    ----
   CONSTANT SIZE    =   ----    ----
   XDATA SIZE       =   ----    ----
   PDATA SIZE       =   ----    ----
   DATA SIZE        =   ----      26
   IDATA SIZE       =   ----    ----
   BIT SIZE         =   ----    ----
END OF MODULE INFORMATION.


C51 COMPILATION COMPLETE.  0 WARNING(S),  0 ERROR(S)
