C51 COMPILER V9.60.0.0   PREPARATION_CODES                                                 09/29/2022 21:52:25 PAGE 1   


C51 COMPILER V9.60.0.0, COMPILATION OF MODULE PREPARATION_CODES
OBJECT MODULE PLACED IN .\Objects\preparation_codes.obj
COMPILER INVOKED BY: G:\keil\C51\BIN\C51.EXE preparation_codes.c OPTIMIZE(8,SPEED) BROWSE DEBUG OBJECTEXTEND PRINT(.\Lis
                    -tings\preparation_codes.lst) TABS(2) OBJECT(.\Objects\preparation_codes.obj)

line level    source

   1          // counter 0 mode 2
   2          #include < reg51.h >
   3          int main(void){
   4   1        TMOD = 0x06 ;
   5   1        TH0 = 0x00 ;
   6   1        TL0 = 0x00 ;
   7   1        TR0=1;
   8   1        while(TF0==0);
   9   1        TR0=0;
  10   1        TF0=0;
  11   1        return 0;
  12   1      }
  13          
  14          
  15          
  16          
  17          
  18          
  19          
  20          
  21          
  22          
  23          
  24          
  25          //#include <reg51.h>
  26          //void lcd_cmd(unsigned char a);  //
  27          //void lcd_data(unsigned char b); //
  28          //void lcd_print(unsigned char *str); //
  29          //void delay(unsigned int value); //
  30          //void init(void);  //
  31          //void hexTOascii(unsigned int adc);
  32          //// LCD control pins
  33          //sbit rs = P2^0;
  34          //sbit en = P2^1;
  35          //sfr lcd = 0xb0; // port 3
  36          
  37          //// ADC control pins
  38          //sbit rd = P2^2;
  39          //sbit wr = P2^3;
  40          //sbit intr = P2^4;
  41          //sfr adc = 0x90; // port 1
  42          
  43          //int main(void){
  44          //  init();
  45          //  lcd_print(" hello world");
  46          //  delay(50000);
  47          //  init();
  48          //  while(1){
  49          //    lcd_cmd(0x80);
  50          //    lcd_print(" ADC value:     ");
  51          //    rd = 1;
  52          //    wr = 0 ;
  53          //    delay(100);
  54          //    wr = 1;
C51 COMPILER V9.60.0.0   PREPARATION_CODES                                                 09/29/2022 21:52:25 PAGE 2   

  55          //    while(intr ==1 );
  56          //    rd = 0;
  57          //    lcd_cmd(0x8b);
  58          //    hexTOascii(adc*2);
  59          //    intr = 1;
  60          //    delay(10000);
  61          //  }
  62          //}
  63          //void delay(unsigned int value){
  64          //  unsigned int i;
  65          //  for(i=0;i<value;i++);
  66          //}
  67          //void lcd_cmd(unsigned char a){
  68          //  rs = 0;
  69          //  lcd = a;
  70          //  en = 1;
  71          //  delay(100);
  72          //  en = 0; 
  73          //}
  74          //void lcd_data(unsigned char b){
  75          //  rs = 1;
  76          //  lcd = b;
  77          //  en = 1;
  78          //  delay(100);
  79          //  en = 0; 
  80          //}
  81          //// lcd_print("hello");
  82          //void lcd_print(unsigned char *str){
  83          //  while(*str){
  84          //    lcd_data(*str++);
  85          //  }
  86          //}
  87          //void init(void){
  88          //  lcd_cmd(0x38);  // 2 lines and 5 x 7 matrix ( 8 - bit mode )
  89          //  lcd_cmd(0x0c);  // display on, cursor off
  90          //  lcd_cmd(0x01);  // clear display
  91          //  lcd_cmd(0x80);  // forces cursor to beginning of 1st line
  92          //}
  93          //void hexTOascii(unsigned int adc){  // 00ff - 255
  94          //  unsigned int x3,x2,x1,x;
  95          //  x=adc/10; // x=25
  96          //  x3=adc%10;  // x3=5
  97          //  x2=x%10;  // x2=5
  98          //  x1=x/10;  // x1=2
  99          //  lcd_data(x1+48);
 100          //  lcd_data(x2+48);
 101          //  lcd_data(x3+48);
 102          //}


MODULE INFORMATION:   STATIC OVERLAYABLE
   CODE SIZE        =     21    ----
   CONSTANT SIZE    =   ----    ----
   XDATA SIZE       =   ----    ----
   PDATA SIZE       =   ----    ----
   DATA SIZE        =   ----    ----
   IDATA SIZE       =   ----    ----
   BIT SIZE         =   ----    ----
END OF MODULE INFORMATION.


C51 COMPILATION COMPLETE.  0 WARNING(S),  0 ERROR(S)
