C51 COMPILER V9.60.0.0   TEMP_FAN                                                          10/29/2022 12:30:30 PAGE 1   


C51 COMPILER V9.60.0.0, COMPILATION OF MODULE TEMP_FAN
OBJECT MODULE PLACED IN .\Objects\temp_fan.obj
COMPILER INVOKED BY: G:\keil\C51\BIN\C51.EXE temp_fan.c OPTIMIZE(8,SPEED) BROWSE DEBUG OBJECTEXTEND PRINT(.\Listings\tem
                    -p_fan.lst) TABS(2) OBJECT(.\Objects\temp_fan.obj)

line level    source

   1          #include <reg51.h>
   2          
   3          sbit motor = P2^0;
   4          sbit rd = P2^2 ;
   5          sbit wr = P2^3 ;
   6          sbit intr = P2^4 ;
   7          
   8          sfr adc = 0x90 ; // port 1
   9          
  10          void delay(unsigned int time){
  11   1        unsigned int i;
  12   1        for(i=0;i<time;i++);
  13   1      }
  14          void main(void){
  15   1        while(1){
  16   2          rd = 1 ;
  17   2          wr = 0; // start conversion
  18   2          delay(100);
  19   2          wr = 1;
  20   2          while(intr==1); // if zero conversion is completed
  21   2                          // until conversion is finished
  22   2          rd = 0; // adc to micro controller read
  23   2      //  hex2ascii(adc*2); // let the adc value be 'ff'
  24   2          intr = 1; // for next conversion
  25   2          
  26   2          if(adc < 10){
  27   3            motor = 1;
  28   3            delay(1000);
  29   3            motor = 0;
  30   3            delay(10000);
  31   3          }
  32   2          else if(adc <30){
  33   3            motor = 1;
  34   3            delay(1000);
  35   3            motor = 0;
  36   3            delay(1000);
  37   3          }
  38   2          else if(adc <40){
  39   3            motor = 1;
  40   3            delay(1000);
  41   3            motor = 0;
  42   3            delay(50);
  43   3          }
  44   2          
  45   2        }
  46   1      }


MODULE INFORMATION:   STATIC OVERLAYABLE
   CODE SIZE        =    115    ----
   CONSTANT SIZE    =   ----    ----
   XDATA SIZE       =   ----    ----
   PDATA SIZE       =   ----    ----
   DATA SIZE        =   ----    ----
C51 COMPILER V9.60.0.0   TEMP_FAN                                                          10/29/2022 12:30:30 PAGE 2   

   IDATA SIZE       =   ----    ----
   BIT SIZE         =   ----    ----
END OF MODULE INFORMATION.


C51 COMPILATION COMPLETE.  0 WARNING(S),  0 ERROR(S)
