C51 COMPILER V9.60.0.0   BUTTON                                                            10/26/2022 13:45:27 PAGE 1   


C51 COMPILER V9.60.0.0, COMPILATION OF MODULE BUTTON
OBJECT MODULE PLACED IN .\Objects\button.obj
COMPILER INVOKED BY: G:\keil\C51\BIN\C51.EXE button.c OPTIMIZE(8,SPEED) BROWSE DEBUG OBJECTEXTEND PRINT(.\Listings\butto
                    -n.lst) TABS(2) OBJECT(.\Objects\button.obj)

line level    source

   1          #include < reg51.h >
   2          
   3          void lcd_init(void);
   4          void lcd_cmd( unsigned char a );
   5          void lcd_data( unsigned char b );
   6          void lcd_print( unsigned int value);
   7          void delay(unsigned int i);
   8          
   9          sbit ir1 = P2^0;
  10          sbit ir2 = P2^1;
  11          sbit rs = P3^0;
  12          sbit en = P3^1;
  13          
  14          sfr ldata = 0x90;
  15          
  16          unsigned int count=0;
  17          void main(void){
  18   1        unsigned int one=0;
  19   1        unsigned int two=0;
  20   1        lcd_init();
  21   1        while(1){
  22   2          if(ir1==1){
  23   3            delay(50000);
  24   3            count++;
  25   3          }
  26   2          else if(ir2==1){
  27   3            delay(50000);
  28   3            count--;
  29   3          }
  30   2          lcd_init();
  31   2          lcd_print(count-1);
  32   2        }
  33   1      }
  34          void lcd_init(void){
  35   1        lcd_cmd(0x38);
  36   1        lcd_cmd(0x0c);
  37   1        lcd_cmd(0x01);
  38   1        lcd_cmd(0x80);
  39   1      }
  40          void lcd_cmd( unsigned char a ){
  41   1        rs=0;
  42   1        ldata = a ;
  43   1        en = 0;
  44   1        delay(500);
  45   1        en=1;
  46   1      }
  47          void lcd_data( unsigned char b ){
  48   1        rs=1;
  49   1        ldata = b ;
  50   1        en = 0;
  51   1        delay(500);
  52   1        en=1;
  53   1      }
  54          void lcd_print(unsigned int value){
C51 COMPILER V9.60.0.0   BUTTON                                                            10/26/2022 13:45:27 PAGE 2   

  55   1      //  value = 789;
  56   1        unsigned char a100;
  57   1        unsigned char a10;
  58   1        unsigned char a1;
  59   1        a1 = value%10;  // a1=9
  60   1        a100=value/10;  // a100=78
  61   1        a10=a100%10;  //a10=8
  62   1        a100=a100/10; // a100=7
  63   1        lcd_data(a100+48);
  64   1        delay(500);
  65   1        lcd_data(a10+48);
  66   1        delay(500);
  67   1        lcd_data(a1+48);
  68   1        delay(5000);
  69   1      }
  70          void delay(unsigned int i){
  71   1        unsigned int j;
  72   1        for(j=0;j<i;j++);
  73   1      }
  74          
  75          
  76          
  77          
  78          
  79          
  80          
  81          
  82          
  83          
  84          
  85          
  86          
  87          
  88          
  89          
  90          
  91          
  92          
  93          
  94          
  95          
  96          
  97          
  98          
  99          //#include <reg51.h>
 100          
 101          
 102          //sfr ldata = 0x90;
 103          
 104          //void main(void)
 105          //{
 106          //  
 107          //  while(1)
 108          //  {
 109          //    if(sw == 1)
 110          //      led = 1;
 111          //    else 
 112          //      led = 0;
 113          //  }
 114          //}


C51 COMPILER V9.60.0.0   BUTTON                                                            10/26/2022 13:45:27 PAGE 3   

MODULE INFORMATION:   STATIC OVERLAYABLE
   CODE SIZE        =    199    ----
   CONSTANT SIZE    =   ----    ----
   XDATA SIZE       =   ----    ----
   PDATA SIZE       =   ----    ----
   DATA SIZE        =      2       6
   IDATA SIZE       =   ----    ----
   BIT SIZE         =   ----    ----
END OF MODULE INFORMATION.


C51 COMPILATION COMPLETE.  0 WARNING(S),  0 ERROR(S)
