C51 COMPILER V9.60.0.0   FAN_CODE_8051                                                     09/04/2022 09:22:24 PAGE 1   


C51 COMPILER V9.60.0.0, COMPILATION OF MODULE FAN_CODE_8051
OBJECT MODULE PLACED IN .\Objects\FAN_code_8051.obj
COMPILER INVOKED BY: G:\keil\C51\BIN\C51.EXE FAN_code_8051.c OPTIMIZE(8,SPEED) BROWSE DEBUG OBJECTEXTEND PRINT(.\Listing
                    -s\FAN_code_8051.lst) TABS(2) OBJECT(.\Objects\FAN_code_8051.obj)

line level    source

   1          #include <reg51.h>
   2          
   3          void delay(unsigned int time);
   4          void lcd_init(void);
   5          void lcd_cmd(unsigned char a);
   6          void lcd_data(unsigned char b);
   7          void lcd_print(unsigned char *str);
   8          
   9          void hex2ascii(unsigned char value);
  10          
  11          sbit rs = P2^0;
  12          sbit en = P2^1;
  13          sfr ldata = 0xb0 ; // port 3
  14          
  15          sbit rd = P2^2 ;
  16          sbit wr = P2^3 ;
  17          sbit intr = P2^4 ;
  18          
  19          sfr adc = 0x90 ; // port 1
  20          
  21          
  22          void main(void){
  23   1        lcd_init();
  24   1        
  25   1        lcd_print(" ADC value :    ");
  26   1        
  27   1        while(1){
  28   2          rd = 1 ;
  29   2          wr = 0; // start conversion
  30   2          delay(100);
  31   2          wr = 1;
  32   2          while(intr==1); // if zero conversion is completed
  33   2                          // until conversion is finished
  34   2          rd = 0; // ac to micro controller read
  35   2          lcd_cmd(0x8b);
  36   2          hex2ascii(adc*2); // let the adc value be 'ff'
  37   2          intr = 1; // for next conversion
  38   2          
  39   2        }
  40   1        
  41   1        
  42   1      }
  43          
  44          void hex2ascii(unsigned char value){
  45   1        unsigned char x,d1,d2,d3;
  46   1        x=value/10;
  47   1        d3 = value%10;
  48   1        d2 = x%10;
  49   1        d1 = x/10;
  50   1        lcd_data(d1+0x30);
  51   1        lcd_data(d2+0x30);
  52   1        lcd_data(d3+0x30);
  53   1      }
  54          
C51 COMPILER V9.60.0.0   FAN_CODE_8051                                                     09/04/2022 09:22:24 PAGE 2   

  55          void delay(unsigned int time){
  56   1        unsigned int i;
  57   1        for(i=0;i<time;i++);
  58   1      }
  59          void lcd_init(void){
  60   1        lcd_cmd(0x38);
  61   1        lcd_cmd(0x0c);
  62   1        lcd_cmd(0x01);
  63   1        lcd_cmd(0x80);
  64   1      }
  65          void lcd_cmd(unsigned char a){
  66   1        rs = 0 ;
  67   1        ldata = a ;
  68   1        en = 0 ;
  69   1        delay(5);
  70   1        en = 1 ;
  71   1      }
  72          void lcd_data(unsigned char b){
  73   1        rs = 1 ;
  74   1        ldata = b ;
  75   1        en = 0 ;
  76   1        delay(5);
  77   1        en = 1 ;
  78   1      }
  79          void lcd_print(unsigned char *str){
  80   1        while(*str)
  81   1          lcd_data(*str++);
  82   1      }


MODULE INFORMATION:   STATIC OVERLAYABLE
   CODE SIZE        =    195    ----
   CONSTANT SIZE    =     17    ----
   XDATA SIZE       =   ----    ----
   PDATA SIZE       =   ----    ----
   DATA SIZE        =   ----       5
   IDATA SIZE       =   ----    ----
   BIT SIZE         =   ----    ----
END OF MODULE INFORMATION.


C51 COMPILATION COMPLETE.  0 WARNING(S),  0 ERROR(S)
